[Sunday/May 05/05/2024 13:06:10] /Users/kudr.max/_Файлы/Фильмы/HIMYM.S02.720p.WEB-DL.3xRus.Eng/HIMYM.S02E06.720p.WEB-DL.3xRus.Eng.mkv | length=1323.552 | time=1299.883
[Sunday/May 05/05/2024 13:30:40] /Users/kudr.max/_Файлы/Фильмы/HIMYM.S02.720p.WEB-DL.3xRus.Eng/HIMYM.S02E07.720p.WEB-DL.3xRus.Eng.mkv | length=1320.64 | time=1296.046
[Sunday/May 05/05/2024 14:54:24] /Users/kudr.max/_Файлы/Фильмы/HIMYM.S02.720p.WEB-DL.3xRus.Eng/HIMYM.S02E08.720p.WEB-DL.3xRus.Eng.mkv | length=1324.16 | time=1298.841
[Sunday/May 05/05/2024 16:40:53] /Users/kudr.max/_Файлы/Фильмы/HIMYM.S02.720p.WEB-DL.3xRus.Eng/HIMYM.S02E09.720p.WEB-DL.3xRus.Eng.mkv | length=1324 | time=1303.971
[Sunday/May 05/05/2024 17:02:52] /Users/kudr.max/_Файлы/Фильмы/HIMYM.S02.720p.WEB-DL.3xRus.Eng/HIMYM.S02E10.720p.WEB-DL.3xRus.Eng.mkv | length=1324.672 | time=1299.007
[Sunday/May 05/05/2024 17:27:01] /Users/kudr.max/_Файлы/Фильмы/HIMYM.S02.720p.WEB-DL.3xRus.Eng/HIMYM.S02E11.720p.WEB-DL.3xRus.Eng.mkv | length=1316.064 | time=1292.668
[Sunday/May 05/05/2024 17:48:23] /Users/kudr.max/_Файлы/Фильмы/HIMYM.S02.720p.WEB-DL.3xRus.Eng/HIMYM.S02E12.720p.WEB-DL.3xRus.Eng.mkv | length=1317.28 | time=1290.499
[Sunday/May 05/05/2024 18:17:28] /Users/kudr.max/_Файлы/Фильмы/HIMYM.S02.720p.WEB-DL.3xRus.Eng/HIMYM.S02E13.720p.WEB-DL.3xRus.Eng.mkv | length=1323.168 | time=1298.924
[Sunday/May 05/05/2024 18:41:57] /Users/kudr.max/_Файлы/Фильмы/HIMYM.S02.720p.WEB-DL.3xRus.Eng/HIMYM.S02E14.720p.WEB-DL.3xRus.Eng.mkv | length=1291.296 | time=1268.602
[Sunday/May 05/05/2024 19:05:50] /Users/kudr.max/_Файлы/Фильмы/HIMYM.S02.720p.WEB-DL.3xRus.Eng/HIMYM.S02E15.720p.WEB-DL.3xRus.Eng.mkv | length=1294.688 | time=1282.741
[Sunday/May 05/05/2024 19:31:01] /Users/kudr.max/_Файлы/Фильмы/HIMYM.S02.720p.WEB-DL.3xRus.Eng/HIMYM.S02E16.720p.WEB-DL.3xRus.Eng.mkv | length=1320.512 | time=1294.753
[Sunday/May 05/05/2024 19:53:03] /Users/kudr.max/_Файлы/Фильмы/HIMYM.S02.720p.WEB-DL.3xRus.Eng/HIMYM.S02E17.720p.WEB-DL.3xRus.Eng.mkv | length=1308.736 | time=1283.408
[Sunday/May 05/05/2024 20:26:05] /Users/kudr.max/_Файлы/Фильмы/HIMYM.S02.720p.WEB-DL.3xRus.Eng/HIMYM.S02E18.720p.WEB-DL.3xRus.Eng.mkv | length=1322.912 | time=1298.841
[Sunday/May 05/05/2024 21:21:37] /Users/kudr.max/_Файлы/Фильмы/HIMYM.S02.720p.WEB-DL.3xRus.Eng/HIMYM.S02E19.720p.WEB-DL.3xRus.Eng.mkv | length=1321.824 | time=1297.005
[Sunday/May 05/05/2024 21:43:44] /Users/kudr.max/_Файлы/Фильмы/HIMYM.S02.720p.WEB-DL.3xRus.Eng/HIMYM.S02E20.720p.WEB-DL.3xRus.Eng.mkv | length=1324.352 | time=1299.216
[Sunday/May 05/05/2024 22:07:22] /Users/kudr.max/_Файлы/Фильмы/HIMYM.S02.720p.WEB-DL.3xRus.Eng/HIMYM.S02E21.720p.WEB-DL.3xRus.Eng.mkv | length=1319.328 | time=1294.753
[Sunday/May 05/05/2024 22:31:49] /Users/kudr.max/_Файлы/Фильмы/HIMYM.S02.720p.WEB-DL.3xRus.Eng/HIMYM.S02E22.720p.WEB-DL.3xRus.Eng.mkv | length=1324.384 | time=1301.26
[Monday/May 06/05/2024 19:25:38] /Users/kudr.max/_Файлы/Фильмы/HIMYM.S03.720p.WEB-DL.3xRus.Eng/HIMYM.S03E01.720p.WEB-DL.3xRus.Eng.mkv | length=1252.64 | time=1225.893
[Monday/May 06/05/2024 19:51:20] /Users/kudr.max/_Файлы/Фильмы/HIMYM.S03.720p.WEB-DL.3xRus.Eng/HIMYM.S03E02.720p.WEB-DL.3xRus.Eng.mkv | length=1268.192 | time=1246.455
[Monday/May 06/05/2024 20:35:02] /Users/kudr.max/_Файлы/Фильмы/HIMYM.S03.720p.WEB-DL.3xRus.Eng/HIMYM.S03E03.720p.WEB-DL.3xRus.Eng.mkv | length=1302.72 | time=1277.945
[Monday/May 06/05/2024 20:56:27] /Users/kudr.max/_Файлы/Фильмы/HIMYM.S03.720p.WEB-DL.3xRus.Eng/HIMYM.S03E04.720p.WEB-DL.3xRus.Eng.mkv | length=1295.392 | time=1271.104
[Monday/May 06/05/2024 21:19:24] /Users/kudr.max/_Файлы/Фильмы/HIMYM.S03.720p.WEB-DL.3xRus.Eng/HIMYM.S03E05.720p.WEB-DL.3xRus.Eng.mkv | length=1305.952 | time=1281.448
[Monday/May 06/05/2024 22:40:27] /Users/kudr.max/_Файлы/Фильмы/HIMYM.S03.720p.WEB-DL.3xRus.Eng/HIMYM.S03E06.720p.WEB-DL.3xRus.Eng.mkv | length=1303.232 | time=1279.404
[Monday/May 06/05/2024 23:01:51] /Users/kudr.max/_Файлы/Фильмы/HIMYM.S03.720p.WEB-DL.3xRus.Eng/HIMYM.S03E07.720p.WEB-DL.3xRus.Eng.mkv | length=1262.56 | time=538.705
[Wednesday/May 08/05/2024 00:04:59] /Users/kudr.max/_Файлы/Фильмы/HIMYM.S03.720p.WEB-DL.3xRus.Eng/HIMYM.S03E07.720p.WEB-DL.3xRus.Eng.mkv | length=1262.56 | time=1238.822
[Wednesday/May 08/05/2024 00:25:40] /Users/kudr.max/_Файлы/Фильмы/HIMYM.S03.720p.WEB-DL.3xRus.Eng/HIMYM.S03E08.720p.WEB-DL.3xRus.Eng.mkv | length=1263.52 | time=1239.573
[Wednesday/May 08/05/2024 00:46:54] /Users/kudr.max/_Файлы/Фильмы/HIMYM.S03.720p.WEB-DL.3xRus.Eng/HIMYM.S03E09.720p.WEB-DL.3xRus.Eng.mkv | length=1297.632 | time=1273.607
[Wednesday/May 08/05/2024 22:21:33] /Users/kudr.max/_Файлы/Фильмы/HIMYM.S03.720p.WEB-DL.3xRus.Eng/HIMYM.S03E09.720p.WEB-DL.3xRus.Eng.mkv | length=1297.632 | time=1274.441
[Wednesday/May 08/05/2024 22:21:38] /Users/kudr.max/_Файлы/Фильмы/HIMYM.S03.720p.WEB-DL.3xRus.Eng/HIMYM.S03E10.720p.WEB-DL.3xRus.Eng.mkv | length=1304.192 | time=1288.413
[Wednesday/May 08/05/2024 22:21:47] /Users/kudr.max/_Файлы/Фильмы/HIMYM.S03.720p.WEB-DL.3xRus.Eng/HIMYM.S03E09.720p.WEB-DL.3xRus.Eng.mkv | length=1297.632 | time=25.192
[Thursday/May 09/05/2024 12:23:11] /Users/kudr.max/_Файлы/Фильмы/HIMYM.S03.720p.WEB-DL.3xRus.Eng/HIMYM.S03E10.720p.WEB-DL.3xRus.Eng.mkv | length=1304.192 | time=641.391
[Friday/May 10/05/2024 00:52:05] /Users/kudr.max/_Файлы/Фильмы/HIMYM.S03.720p.WEB-DL.3xRus.Eng/HIMYM.S03E10.720p.WEB-DL.3xRus.Eng.mkv | length=1304.192 | time=1278.737
[Friday/May 10/05/2024 01:27:36] /Users/kudr.max/_Файлы/Фильмы/HIMYM.S03.720p.WEB-DL.3xRus.Eng/HIMYM.S03E11.720p.WEB-DL.3xRus.Eng.mkv | length=1284.384 | time=1260.385
[Friday/May 10/05/2024 01:47:27] /Users/kudr.max/_Файлы/Фильмы/HIMYM.S03.720p.WEB-DL.3xRus.Eng/HIMYM.S03E12.720p.WEB-DL.3xRus.Eng.mkv | length=1278.176 | time=1254.588
[Friday/May 10/05/2024 01:52:32] /Users/kudr.max/_Файлы/Фильмы/HIMYM.S03.720p.WEB-DL.3xRus.Eng/HIMYM.S03E12.720p.WEB-DL.3xRus.Eng.mkv | length=1278.176 | time=1255.672
[Friday/May 10/05/2024 10:44:48] /Users/kudr.max/_Файлы/Фильмы/HIMYM.S03.720p.WEB-DL.3xRus.Eng/HIMYM.S03E13.720p.WEB-DL.3xRus.Eng.mkv | length=1306.688 | time=1284.826
[Friday/May 10/05/2024 12:37:08] /Users/kudr.max/_Файлы/Фильмы/HIMYM.S03.720p.WEB-DL.3xRus.Eng/HIMYM.S03E13.720p.WEB-DL.3xRus.Eng.mkv | length=1306.688 | time=1285.41
[Friday/May 10/05/2024 13:03:39] /Users/kudr.max/_Файлы/Фильмы/HIMYM.S03.720p.WEB-DL.3xRus.Eng/HIMYM.S03E14.720p.WEB-DL.3xRus.Eng.mkv | length=1237.248 | time=1212.421
[Friday/May 10/05/2024 14:35:03] /Users/kudr.max/_Файлы/Фильмы/HIMYM.S03.720p.WEB-DL.3xRus.Eng/HIMYM.S03E14.720p.WEB-DL.3xRus.Eng.mkv | length=1237.248 | time=1213.922
[Friday/May 10/05/2024 15:02:44] /Users/kudr.max/_Файлы/Фильмы/HIMYM.S03.720p.WEB-DL.3xRus.Eng/HIMYM.S03E15.720p.WEB-DL.3xRus.Eng.mkv | length=1297.923 | time=1273.649
[Friday/May 10/05/2024 18:58:50] /Users/kudr.max/_Файлы/Фильмы/HIMYM.S03.720p.WEB-DL.3xRus.Eng/HIMYM.S03E15.720p.WEB-DL.3xRus.Eng.mkv | length=1297.923 | time=1274.483
[Friday/May 10/05/2024 21:08:08] /Users/kudr.max/_Файлы/Фильмы/HIMYM.S03.720p.WEB-DL.3xRus.Eng/HIMYM.S03E16.720p.WEB-DL.3xRus.Eng.mkv | length=1302.24 | time=292.543
[Saturday/May 11/05/2024 00:52:45] /Users/kudr.max/_Файлы/Фильмы/HIMYM.S03.720p.WEB-DL.3xRus.Eng/HIMYM.S03E16.720p.WEB-DL.3xRus.Eng.mkv | length=1302.24 | time=1277.736
[Saturday/May 11/05/2024 01:13:51] /Users/kudr.max/_Файлы/Фильмы/HIMYM.S03.720p.WEB-DL.3xRus.Eng/HIMYM.S03E17.720p.WEB-DL.3xRus.Eng.mkv | length=1304.896 | time=1280.822
[Saturday/May 11/05/2024 01:35:10] /Users/kudr.max/_Файлы/Фильмы/HIMYM.S03.720p.WEB-DL.3xRus.Eng/HIMYM.S03E18.720p.WEB-DL.3xRus.Eng.mkv | length=1289.728 | time=1264.765
[Monday/May 13/05/2024 01:04:20] /Users/kudr.max/_Файлы/Фильмы/HIMYM.S03.720p.WEB-DL.3xRus.Eng/HIMYM.S03E18.720p.WEB-DL.3xRus.Eng.mkv | length=1289.728 | time=1266.099
[Monday/May 13/05/2024 01:25:08] /Users/kudr.max/_Файлы/Фильмы/HIMYM.S03.720p.WEB-DL.3xRus.Eng/HIMYM.S03E19.720p.WEB-DL.3xRus.Eng.mkv | length=1257.76 | time=1233.15
[Monday/May 13/05/2024 13:45:46] /Users/kudr.max/_Файлы/Фильмы/HIMYM.S03.720p.WEB-DL.3xRus.Eng/HIMYM.S03E19.720p.WEB-DL.3xRus.Eng.mkv | length=1257.76 | time=1234.318
[Monday/May 13/05/2024 13:45:49] /Users/kudr.max/_Файлы/Фильмы/HIMYM.S03.720p.WEB-DL.3xRus.Eng/HIMYM.S03E20.720p.WEB-DL.3xRus.Eng.mkv | length=1304.736 | time=1299.716
[Monday/May 13/05/2024 13:45:55] /Users/kudr.max/_Файлы/Фильмы/HIMYM.S03.720p.WEB-DL.3xRus.Eng/HIMYM.S03E19.720p.WEB-DL.3xRus.Eng.mkv | length=1257.76 | time=188.146
[Monday/May 13/05/2024 14:17:05] /Users/kudr.max/_Файлы/Фильмы/HIMYM.S03.720p.WEB-DL.3xRus.Eng/HIMYM.S03E20.720p.WEB-DL.3xRus.Eng.mkv | length=1304.736 | time=1280.864
[Monday/May 13/05/2024 15:43:24] /Users/kudr.max/_Файлы/Фильмы/HIMYM.S03.720p.WEB-DL.3xRus.Eng/HIMYM.S03E20.720p.WEB-DL.3xRus.Eng.mkv | length=1304.736 | time=1282.616
[Monday/May 13/05/2024 16:16:07] /Users/kudr.max/_Файлы/Фильмы/HIMYM.S04.720p.WEB-DL.3xRus.Eng/HIMYM.S04E01.720p.WEB-DL.3xRus.Eng.mkv | length=1311.904 | time=1286.495
[Monday/May 13/05/2024 16:37:57] /Users/kudr.max/_Файлы/Фильмы/HIMYM.S04.720p.WEB-DL.3xRus.Eng/HIMYM.S04E02.720p.WEB-DL.3xRus.Eng.mkv | length=1295.776 | time=1270.479
[Monday/May 13/05/2024 23:19:11] /Users/kudr.max/_Файлы/Фильмы/HIMYM.S04.720p.WEB-DL.3xRus.Eng/HIMYM.S04E02.720p.WEB-DL.3xRus.Eng.mkv | length=1295.776 | time=1272.022
[Monday/May 13/05/2024 23:19:54] /Users/kudr.max/_Файлы/Фильмы/HIMYM.S04.720p.WEB-DL.3xRus.Eng/HIMYM.S04E03.720p.WEB-DL.3xRus.Eng.mkv | length=1296.224 | time=35.619
[Tuesday/May 14/05/2024 00:57:20] /Users/kudr.max/_Файлы/Фильмы/HIMYM.S04.720p.WEB-DL.3xRus.Eng/HIMYM.S04E03.720p.WEB-DL.3xRus.Eng.mkv | length=1296.224 | time=1271.104
[Tuesday/May 14/05/2024 01:18:33] /Users/kudr.max/_Файлы/Фильмы/HIMYM.S04.720p.WEB-DL.3xRus.Eng/HIMYM.S04E04.720p.WEB-DL.3xRus.Eng.mkv | length=1295.008 | time=1272.731
[Wednesday/May 15/05/2024 13:03:03] /Users/kudr.max/_Файлы/Фильмы/HIMYM.S04.720p.WEB-DL.3xRus.Eng/HIMYM.S04E04.720p.WEB-DL.3xRus.Eng.mkv | length=1295.008 | time=1295.0079999999
[Wednesday/May 15/05/2024 13:27:41] /Users/kudr.max/_Файлы/Фильмы/HIMYM.S04.720p.WEB-DL.3xRus.Eng/HIMYM.S04E05.720p.WEB-DL.3xRus.Eng.mkv | length=1296.512 | time=1271.48
[Thursday/May 16/05/2024 00:29:49] /Users/kudr.max/_Файлы/Фильмы/HIMYM.S04.720p.WEB-DL.3xRus.Eng/HIMYM.S04E05.720p.WEB-DL.3xRus.Eng.mkv | length=1296.512 | time=1273.941
[Thursday/May 16/05/2024 00:50:47] /Users/kudr.max/_Файлы/Фильмы/HIMYM.S04.720p.WEB-DL.3xRus.Eng/HIMYM.S04E06.720p.WEB-DL.3xRus.Eng.mkv | length=1232.736 | time=1207.624
[Thursday/May 16/05/2024 01:12:23] /Users/kudr.max/_Файлы/Фильмы/HIMYM.S04.720p.WEB-DL.3xRus.Eng/HIMYM.S04E07.720p.WEB-DL.3xRus.Eng.mkv | length=1295.488 | time=1268.519
[Thursday/May 16/05/2024 02:28:10] /Users/kudr.max/_Файлы/Фильмы/HIMYM.S04.720p.WEB-DL.3xRus.Eng/HIMYM.S04E08.720p.WEB-DL.3xRus.Eng.mkv | length=1297.824 | time=14.848
[Thursday/May 16/05/2024 09:45:24] /Users/kudr.max/_Файлы/Фильмы/HIMYM.S04.720p.WEB-DL.3xRus.Eng/HIMYM.S04E08.720p.WEB-DL.3xRus.Eng.mkv | length=1297.824 | time=1272.481
[Thursday/May 16/05/2024 17:03:01] /Users/kudr.max/_Файлы/Фильмы/HIMYM.S04.720p.WEB-DL.3xRus.Eng/HIMYM.S04E08.720p.WEB-DL.3xRus.Eng.mkv | length=1297.824 | time=1275.526
[Thursday/May 16/05/2024 17:12:28] /Users/kudr.max/_Файлы/Фильмы/HIMYM.S04.720p.WEB-DL.3xRus.Eng/HIMYM.S04E09.720p.WEB-DL.3xRus.Eng.mkv | length=1283.872 | time=185.811
[Friday/May 17/05/2024 01:34:56] /Users/kudr.max/_Файлы/Фильмы/HIMYM.S04.720p.WEB-DL.3xRus.Eng/HIMYM.S04E09.720p.WEB-DL.3xRus.Eng.mkv | length=1283.872 | time=1257.049
[Friday/May 17/05/2024 08:58:05] /Users/kudr.max/_Файлы/Фильмы/HIMYM.S04.720p.WEB-DL.3xRus.Eng/HIMYM.S04E10.720p.WEB-DL.3xRus.Eng.mkv | length=1266.144 | time=1243.118
[Saturday/May 18/05/2024 00:40:22] /Users/kudr.max/_Файлы/Фильмы/HIMYM.S04.720p.WEB-DL.3xRus.Eng/HIMYM.S04E10.720p.WEB-DL.3xRus.Eng.mkv | length=1266.144 | time=0
[Saturday/May 18/05/2024 00:46:19] /Users/kudr.max/_Файлы/Фильмы/HIMYM.S04.720p.WEB-DL.3xRus.Eng/HIMYM.S04E11.720p.WEB-DL.3xRus.Eng.mkv | length=1285.184 | time=82.499
[Saturday/May 18/05/2024 00:46:19] /Users/kudr.max/_Файлы/Фильмы/HIMYM.S04.720p.WEB-DL.3xRus.Eng/HIMYM.S04E10.720p.WEB-DL.3xRus.Eng.mkv | length=1266.144 | time=1245.787
[Saturday/May 18/05/2024 01:06:42] /Users/kudr.max/_Файлы/Фильмы/HIMYM.S04.720p.WEB-DL.3xRus.Eng/HIMYM.S04E11.720p.WEB-DL.3xRus.Eng.mkv | length=1285.184 | time=1258.55
[Saturday/May 18/05/2024 01:28:17] /Users/kudr.max/_Файлы/Фильмы/HIMYM.S04.720p.WEB-DL.3xRus.Eng/HIMYM.S04E12.720p.WEB-DL.3xRus.Eng.mkv | length=1286.976 | time=1261.512
[Saturday/May 18/05/2024 01:48:23] /Users/kudr.max/_Файлы/Фильмы/HIMYM.S04.720p.WEB-DL.3xRus.Eng/HIMYM.S04E13.720p.WEB-DL.3xRus.Eng.mkv | length=1296.352 | time=13.222
[Monday/May 20/05/2024 00:39:56] /Users/kudr.max/_Файлы/Фильмы/HIMYM.S04.720p.WEB-DL.3xRus.Eng/HIMYM.S04E13.720p.WEB-DL.3xRus.Eng.mkv | length=1296.352 | time=1269.77
[Tuesday/May 21/05/2024 00:49:19] /Users/kudr.max/_Файлы/Фильмы/HIMYM.S04.720p.WEB-DL.3xRus.Eng/HIMYM.S04E13.720p.WEB-DL.3xRus.Eng.mkv | length=1296.352 | time=1271.188
[Tuesday/May 21/05/2024 01:13:49] /Users/kudr.max/_Файлы/Фильмы/HIMYM.S04.720p.WEB-DL.3xRus.Eng/HIMYM.S04E14.720p.WEB-DL.3xRus.Eng.mkv | length=1272.288 | time=1245.913
[Tuesday/May 21/05/2024 01:35:32] /Users/kudr.max/_Файлы/Фильмы/HIMYM.S04.720p.WEB-DL.3xRus.Eng/HIMYM.S04E15.720p.WEB-DL.3xRus.Eng.mkv | length=1294.976 | time=1270.27
[Tuesday/May 21/05/2024 01:59:11] /Users/kudr.max/_Файлы/Фильмы/HIMYM.S04.720p.WEB-DL.3xRus.Eng/HIMYM.S04E16.720p.WEB-DL.3xRus.Eng.mkv | length=1291.36 | time=1269.186
[Tuesday/May 21/05/2024 15:35:09] /Users/kudr.max/_Файлы/Фильмы/2024-04-18 13-52-40.mkv | length=4249.3 | time=2912.767
[Tuesday/May 21/05/2024 20:00:50] /Users/kudr.max/_Файлы/Фильмы/HIMYM.S04.720p.WEB-DL.3xRus.Eng/HIMYM.S04E15.720p.WEB-DL.3xRus.Eng.mkv | length=1294.976 | time=37.079
[Tuesday/May 21/05/2024 20:00:58] /Users/kudr.max/_Файлы/Фильмы/HIMYM.S04.720p.WEB-DL.3xRus.Eng/HIMYM.S04E16.720p.WEB-DL.3xRus.Eng.mkv | length=1291.36 | time=173.382
[Tuesday/May 21/05/2024 20:29:08] /Users/kudr.max/_Файлы/Фильмы/HIMYM.S04.720p.WEB-DL.3xRus.Eng/HIMYM.S04E17.720p.WEB-DL.3xRus.Eng.mkv | length=1291.136 | time=1266.475
[Tuesday/May 21/05/2024 20:35:34] /Users/kudr.max/_Файлы/Фильмы/HIMYM.S04.720p.WEB-DL.3xRus.Eng/HIMYM.S04E18.720p.WEB-DL.3xRus.Eng.mkv | length=1279.424 | time=1.877
[Tuesday/May 21/05/2024 20:35:37] /Users/kudr.max/_Файлы/Фильмы/HIMYM.S04.720p.WEB-DL.3xRus.Eng/HIMYM.S04E17.720p.WEB-DL.3xRus.Eng.mkv | length=1291.136 | time=1268.143
[Tuesday/May 21/05/2024 20:56:39] /Users/kudr.max/_Файлы/Фильмы/HIMYM.S04.720p.WEB-DL.3xRus.Eng/HIMYM.S04E18.720p.WEB-DL.3xRus.Eng.mkv | length=1279.424 | time=1252.794
[Tuesday/May 21/05/2024 21:10:31] /Users/kudr.max/_Файлы/Фильмы/HIMYM.S04.720p.WEB-DL.3xRus.Eng/HIMYM.S04E18.720p.WEB-DL.3xRus.Eng.mkv | length=1279.424 | time=1254.004
[Tuesday/May 21/05/2024 21:31:28] /Users/kudr.max/_Файлы/Фильмы/HIMYM.S04.720p.WEB-DL.3xRus.Eng/HIMYM.S04E19.720p.WEB-DL.3xRus.Eng.mkv | length=1289.088 | time=1263.972
[Tuesday/May 21/05/2024 22:58:23] /Users/kudr.max/_Файлы/Фильмы/HIMYM.S04.720p.WEB-DL.3xRus.Eng/HIMYM.S04E20.720p.WEB-DL.3xRus.Eng.mkv | length=1297.44 | time=859.651
[Thursday/May 23/05/2024 00:17:03] /Users/kudr.max/_Файлы/Фильмы/HIMYM.S04.720p.WEB-DL.3xRus.Eng/HIMYM.S04E20.720p.WEB-DL.3xRus.Eng.mkv | length=1297.44 | time=1270.687
[Thursday/May 23/05/2024 00:39:27] /Users/kudr.max/_Файлы/Фильмы/HIMYM.S04.720p.WEB-DL.3xRus.Eng/HIMYM.S04E21.720p.WEB-DL.3xRus.Eng.mkv | length=1296.192 | time=1271.23
[Thursday/May 23/05/2024 01:00:40] /Users/kudr.max/_Файлы/Фильмы/HIMYM.S04.720p.WEB-DL.3xRus.Eng/HIMYM.S04E22.720p.WEB-DL.3xRus.Eng.mkv | length=1274.72 | time=1249.458
[Thursday/May 23/05/2024 01:22:58] /Users/kudr.max/_Файлы/Фильмы/HIMYM.S04.720p.WEB-DL.3xRus.Eng/HIMYM.S04E23.720p.WEB-DL.3xRus.Eng.mkv | length=1295.808 | time=1269.542
[Thursday/May 23/05/2024 01:23:01] /Users/kudr.max/_Файлы/Фильмы/HIMYM.S04.720p.WEB-DL.3xRus.Eng/HIMYM.S04E24.720p.WEB-DL.3xRus.Eng.mkv | length=1296.992 | time=1281.156
[Thursday/May 23/05/2024 01:23:03] /Users/kudr.max/_Файлы/Фильмы/HIMYM.S04.720p.WEB-DL.3xRus.Eng/HIMYM.S04E23.720p.WEB-DL.3xRus.Eng.mkv | length=1295.808 | time=2.125
[Thursday/May 23/05/2024 01:43:24] /Users/kudr.max/_Файлы/Фильмы/HIMYM.S04.720p.WEB-DL.3xRus.Eng/HIMYM.S04E24.720p.WEB-DL.3xRus.Eng.mkv | length=1296.992 | time=1274.566
[Friday/May 24/05/2024 20:51:40] /Users/kudr.max/_Файлы/Фильмы/HIMYM.S05.720p.WEB-DL.3xRus.Eng/HIMYM.S05E01.720p.WEB-DL.3xRus.Eng.mkv | length=1291.744 | time=1265.557
[Friday/May 24/05/2024 21:12:51] /Users/kudr.max/_Файлы/Фильмы/HIMYM.S05.720p.WEB-DL.3xRus.Eng/HIMYM.S05E02.720p.WEB-DL.3xRus.Eng.mkv | length=1296.896 | time=1271.48
[Friday/May 24/05/2024 21:34:30] /Users/kudr.max/_Файлы/Фильмы/HIMYM.S05.720p.WEB-DL.3xRus.Eng/HIMYM.S05E03.720p.WEB-DL.3xRus.Eng.mkv | length=1296.544 | time=1271.355
[Saturday/May 25/05/2024 00:22:48] /Users/kudr.max/_Файлы/Фильмы/HIMYM.S05.720p.WEB-DL.3xRus.Eng/HIMYM.S05E03.720p.WEB-DL.3xRus.Eng.mkv | length=1296.544 | time=1272.231
[Saturday/May 25/05/2024 00:45:26] /Users/kudr.max/_Файлы/Фильмы/HIMYM.S05.720p.WEB-DL.3xRus.Eng/HIMYM.S05E04.720p.WEB-DL.3xRus.Eng.mkv | length=1283.168 | time=1261.512
[Tuesday/May 28/05/2024 02:03:33] /Users/kudr.max/_Файлы/Фильмы/HIMYM.S05.720p.WEB-DL.3xRus.Eng/HIMYM.S05E04.720p.WEB-DL.3xRus.Eng.mkv | length=1283.168 | time=1263.096
[Tuesday/May 28/05/2024 02:25:24] /Users/kudr.max/_Файлы/Фильмы/HIMYM.S05.720p.WEB-DL.3xRus.Eng/HIMYM.S05E05.720p.WEB-DL.3xRus.Eng.mkv | length=1295.424 | time=1269.311
[Tuesday/May 28/05/2024 02:43:23] /Users/kudr.max/_Файлы/Фильмы/HIMYM.S05.720p.WEB-DL.3xRus.Eng/HIMYM.S05E06.720p.WEB-DL.3xRus.Eng.mkv | length=1281.504 | time=1085.46
[Wednesday/May 29/05/2024 00:34:17] /Users/kudr.max/_Файлы/Фильмы/HIMYM.S05.720p.WEB-DL.3xRus.Eng/HIMYM.S05E06.720p.WEB-DL.3xRus.Eng.mkv | length=1281.504 | time=1255.297
[Wednesday/May 29/05/2024 00:55:57] /Users/kudr.max/_Файлы/Фильмы/HIMYM.S05.720p.WEB-DL.3xRus.Eng/HIMYM.S05E07.720p.WEB-DL.3xRus.Eng.mkv | length=1296.416 | time=1270.479
[Wednesday/May 29/05/2024 23:27:42] /Users/kudr.max/_Файлы/Фильмы/HIMYM.S05.720p.WEB-DL.3xRus.Eng/HIMYM.S05E07.720p.WEB-DL.3xRus.Eng.mkv | length=1296.416 | time=1272.564
[Wednesday/May 29/05/2024 23:49:14] /Users/kudr.max/_Файлы/Фильмы/HIMYM.S05.720p.WEB-DL.3xRus.Eng/HIMYM.S05E08.720p.WEB-DL.3xRus.Eng.mkv | length=1282.112 | time=1257.007
[Thursday/May 30/05/2024 00:10:20] /Users/kudr.max/_Файлы/Фильмы/HIMYM.S05.720p.WEB-DL.3xRus.Eng/HIMYM.S05E09.720p.WEB-DL.3xRus.Eng.mkv | length=1294.272 | time=1269.019
[Thursday/May 30/05/2024 00:31:26] /Users/kudr.max/_Файлы/Фильмы/HIMYM.S05.720p.WEB-DL.3xRus.Eng/HIMYM.S05E10.720p.WEB-DL.3xRus.Eng.mkv | length=1297.152 | time=1273.023
[Friday/May 31/05/2024 14:17:01] /Users/kudr.max/_Файлы/Фильмы/HIMYM.S05.720p.WEB-DL.3xRus.Eng/HIMYM.S05E10.720p.WEB-DL.3xRus.Eng.mkv | length=1297.152 | time=1275.651
[Friday/May 31/05/2024 14:42:18] /Users/kudr.max/_Файлы/Фильмы/HIMYM.S05.720p.WEB-DL.3xRus.Eng/HIMYM.S05E11.720p.WEB-DL.3xRus.Eng.mkv | length=1287.392 | time=1086.128
[Friday/May 31/05/2024 16:04:06] /Users/kudr.max/Downloads/2_5341307314550887309.mp4 | length=9766.404 | time=6457.1287128713
[Saturday/June 01/06/2024 23:01:41] /Users/kudr.max/_Файлы/Фильмы/HIMYM.S05.720p.WEB-DL.3xRus.Eng/HIMYM.S05E11.720p.WEB-DL.3xRus.Eng.mkv | length=1287.392 | time=1087.296
[Saturday/June 01/06/2024 23:01:43] /Users/kudr.max/_Файлы/Фильмы/HIMYM.S05.720p.WEB-DL.3xRus.Eng/HIMYM.S05E12.720p.WEB-DL.3xRus.Eng.mkv | length=1296.608 | time=1.627
[Saturday/June 01/06/2024 23:05:13] /Users/kudr.max/_Файлы/Фильмы/HIMYM.S05.720p.WEB-DL.3xRus.Eng/HIMYM.S05E11.720p.WEB-DL.3xRus.Eng.mkv | length=1287.392 | time=1267.1
[Sunday/June 02/06/2024 00:14:20] /Users/kudr.max/_Файлы/Фильмы/HIMYM.S05.720p.WEB-DL.3xRus.Eng/HIMYM.S05E12.720p.WEB-DL.3xRus.Eng.mkv | length=1296.608 | time=1274.274
[Sunday/June 02/06/2024 01:03:34] /Users/kudr.max/_Файлы/Фильмы/HIMYM.S05.720p.WEB-DL.3xRus.Eng/HIMYM.S05E13.720p.WEB-DL.3xRus.Eng.mkv | length=1294.592 | time=0.125
[Sunday/June 02/06/2024 01:25:25] /Users/kudr.max/_Файлы/Фильмы/HIMYM.S05.720p.WEB-DL.3xRus.Eng/HIMYM.S05E14.720p.WEB-DL.3xRus.Eng.mkv | length=1296.48 | time=1270.27
[Sunday/June 02/06/2024 01:46:27] /Users/kudr.max/_Файлы/Фильмы/HIMYM.S05.720p.WEB-DL.3xRus.Eng/HIMYM.S05E15.720p.WEB-DL.3xRus.Eng.mkv | length=1284.128 | time=1257.508
[Sunday/June 02/06/2024 02:07:51] /Users/kudr.max/_Файлы/Фильмы/HIMYM.S05.720p.WEB-DL.3xRus.Eng/HIMYM.S05E16.720p.WEB-DL.3xRus.Eng.mkv | length=1295.552 | time=1271.063
[Monday/June 03/06/2024 01:04:19] /Users/kudr.max/_Файлы/Фильмы/HIMYM.S05.720p.WEB-DL.3xRus.Eng/HIMYM.S05E16.720p.WEB-DL.3xRus.Eng.mkv | length=1295.552 | time=1272.022
[Monday/June 03/06/2024 01:06:01] /Users/kudr.max/_Файлы/Фильмы/HIMYM.S05.720p.WEB-DL.3xRus.Eng/HIMYM.S05E17.720p.WEB-DL.3xRus.Eng.mkv | length=1291.552 | time=79.58
[Monday/June 03/06/2024 01:06:11] /Users/kudr.max/_Файлы/Фильмы/HIMYM.S05.720p.WEB-DL.3xRus.Eng/HIMYM.S05E16.720p.WEB-DL.3xRus.Eng.mkv | length=1295.552 | time=315.357
[Monday/June 03/06/2024 01:26:08] /Users/kudr.max/_Файлы/Фильмы/HIMYM.S05.720p.WEB-DL.3xRus.Eng/HIMYM.S05E17.720p.WEB-DL.3xRus.Eng.mkv | length=1291.552 | time=1266.892
[Monday/June 03/06/2024 01:47:48] /Users/kudr.max/_Файлы/Фильмы/HIMYM.S05.720p.WEB-DL.3xRus.Eng/HIMYM.S05E18.720p.WEB-DL.3xRus.Eng.mkv | length=1296.576 | time=1272.231
[Monday/June 03/06/2024 02:09:44] /Users/kudr.max/_Файлы/Фильмы/HIMYM.S05.720p.WEB-DL.3xRus.Eng/HIMYM.S05E19.720p.WEB-DL.3xRus.Eng.mkv | length=1294.464 | time=1275.4
[Monday/June 03/06/2024 11:50:01] /Users/kudr.max/_Файлы/Фильмы/HIMYM.S05.720p.WEB-DL.3xRus.Eng/HIMYM.S05E20.720p.WEB-DL.3xRus.Eng.mkv | length=1293.472 | time=77.286
[Monday/June 03/06/2024 15:35:41] /Users/kudr.max/_Файлы/Фильмы/HIMYM.S05.720p.WEB-DL.3xRus.Eng/HIMYM.S05E20.720p.WEB-DL.3xRus.Eng.mkv | length=1293.472 | time=1267.392
[Monday/June 03/06/2024 16:30:26] /Users/kudr.max/_Файлы/Фильмы/HIMYM.S05.720p.WEB-DL.3xRus.Eng/HIMYM.S05E20.720p.WEB-DL.3xRus.Eng.mkv | length=1293.472 | time=1280.364
[Monday/June 03/06/2024 16:57:39] /Users/kudr.max/_Файлы/Фильмы/HIMYM.S05.720p.WEB-DL.3xRus.Eng/HIMYM.S05E21.720p.WEB-DL.3xRus.Eng.mkv | length=1296.48 | time=1273.941
[Monday/June 03/06/2024 17:19:00] /Users/kudr.max/_Файлы/Фильмы/HIMYM.S05.720p.WEB-DL.3xRus.Eng/HIMYM.S05E22.720p.WEB-DL.3xRus.Eng.mkv | length=1296.48 | time=1270.27
[Monday/June 03/06/2024 23:52:30] /Users/kudr.max/_Файлы/Фильмы/HIMYM.S05.720p.WEB-DL.3xRus.Eng/HIMYM.S05E23.720p.WEB-DL.3xRus.Eng.mkv | length=1258.496 | time=1233.65
[Tuesday/June 04/06/2024 00:13:09] /Users/kudr.max/_Файлы/Фильмы/HIMYM.S05.720p.WEB-DL.3xRus.Eng/HIMYM.S05E24.720p.WEB-DL.3xRus.Eng.mkv | length=1296.13 | time=1272.564
[Tuesday/June 04/06/2024 00:43:20] /Users/kudr.max/_Файлы/Фильмы/HIMYM.S06.720p.WEB-DL.3xRus.Eng/HIMYM.S06E01.720p.WEB-DL.3xRus.Eng.mkv | length=1296.992 | time=1270.27
[Tuesday/June 04/06/2024 01:04:47] /Users/kudr.max/_Файлы/Фильмы/HIMYM.S06.720p.WEB-DL.3xRus.Eng/HIMYM.S06E02.720p.WEB-DL.3xRus.Eng.mkv | length=1296.448 | time=1272.689
[Tuesday/June 04/06/2024 22:15:18] /Users/kudr.max/_Файлы/Фильмы/HIMYM.S06.720p.WEB-DL.3xRus.Eng/HIMYM.S06E02.720p.WEB-DL.3xRus.Eng.mkv | length=1296.448 | time=1273.69
[Tuesday/June 04/06/2024 23:38:53] /Users/kudr.max/_Файлы/Фильмы/HIMYM.S06.720p.WEB-DL.3xRus.Eng/HIMYM.S06E03.720p.WEB-DL.3xRus.Eng.mkv | length=1296.48 | time=1270.145
[Wednesday/June 05/06/2024 00:00:27] /Users/kudr.max/_Файлы/Фильмы/HIMYM.S06.720p.WEB-DL.3xRus.Eng/HIMYM.S06E04.720p.WEB-DL.3xRus.Eng.mkv | length=1295.936 | time=1271.563
[Wednesday/June 05/06/2024 00:21:37] /Users/kudr.max/_Файлы/Фильмы/HIMYM.S06.720p.WEB-DL.3xRus.Eng/HIMYM.S06E05.720p.WEB-DL.3xRus.Eng.Proper.mkv | length=1297.089 | time=1271.355
[Wednesday/June 05/06/2024 00:44:21] /Users/kudr.max/_Файлы/Фильмы/HIMYM.S06.720p.WEB-DL.3xRus.Eng/HIMYM.S06E06.720p.WEB-DL.3xRus.Eng.mkv | length=1292.096 | time=1269.561
[Wednesday/June 05/06/2024 01:04:25] /Users/kudr.max/_Файлы/Фильмы/HIMYM.S06.720p.WEB-DL.3xRus.Eng/HIMYM.S06E07.720p.WEB-DL.3xRus.Eng.mkv | length=1297.089 | time=1274.024
[Wednesday/June 05/06/2024 14:43:37] /Users/kudr.max/_Файлы/Фильмы/HIMYM.S06.720p.WEB-DL.3xRus.Eng/HIMYM.S06E07.720p.WEB-DL.3xRus.Eng.mkv | length=1297.089 | time=1283.325
[Wednesday/June 05/06/2024 14:43:38] /Users/kudr.max/_Файлы/Фильмы/HIMYM.S06.720p.WEB-DL.3xRus.Eng/HIMYM.S06E06.720p.WEB-DL.3xRus.Eng.mkv | length=1292.096 | time=1.126
[Wednesday/June 05/06/2024 14:43:45] /Users/kudr.max/_Файлы/Фильмы/HIMYM.S06.720p.WEB-DL.3xRus.Eng/HIMYM.S06E07.720p.WEB-DL.3xRus.Eng.mkv | length=1297.089 | time=159.868
[Wednesday/June 05/06/2024 14:55:21] /Users/kudr.max/_Файлы/Фильмы/HIMYM.S06.720p.WEB-DL.3xRus.Eng/HIMYM.S06E08.720p.WEB-DL.3xRus.Eng.mkv | length=1294.112 | time=637.471
[Wednesday/June 05/06/2024 23:28:39] /Users/kudr.max/_Файлы/Фильмы/HIMYM.S06.720p.WEB-DL.3xRus.Eng/HIMYM.S06E08.720p.WEB-DL.3xRus.Eng.mkv | length=1294.112 | time=1267.392
[Thursday/June 06/06/2024 00:14:53] /Users/kudr.max/_Файлы/Фильмы/HIMYM.S06.720p.WEB-DL.3xRus.Eng/HIMYM.S06E09.720p.WEB-DL.3xRus.Eng.mkv | length=1288.128 | time=1262.513
[Thursday/June 06/06/2024 00:36:49] /Users/kudr.max/_Файлы/Фильмы/HIMYM.S06.720p.WEB-DL.3xRus.Eng/HIMYM.S06E10.720p.WEB-DL.3xRus.Eng.mkv | length=1297.089 | time=1270.354
[Thursday/June 06/06/2024 00:57:55] /Users/kudr.max/_Файлы/Фильмы/HIMYM.S06.720p.WEB-DL.3xRus.Eng/HIMYM.S06E11.720p.WEB-DL.3xRus.Eng.mkv | length=1297.28 | time=1273.065
[Thursday/June 06/06/2024 22:14:09] /Users/kudr.max/_Файлы/Фильмы/HIMYM.S06.720p.WEB-DL.3xRus.Eng/HIMYM.S06E11.720p.WEB-DL.3xRus.Eng.mkv | length=1297.28 | time=1274.107
[Thursday/June 06/06/2024 22:14:22] /Users/kudr.max/_Файлы/Фильмы/HIMYM.S06.720p.WEB-DL.3xRus.Eng/HIMYM.S06E12.720p.WEB-DL.3xRus.Eng.mkv | length=1268.32 | time=1.335
[Thursday/June 06/06/2024 22:37:25] /Users/kudr.max/_Файлы/Фильмы/HIMYM.S06.720p.WEB-DL.3xRus.Eng/HIMYM.S06E12.720p.WEB-DL.3xRus.Eng.mkv | length=1268.32 | time=1242.326
[Thursday/June 06/06/2024 22:51:12] /Users/kudr.max/_Файлы/Фильмы/HIMYM.S06.720p.WEB-DL.3xRus.Eng/HIMYM.S06E13.720p.WEB-DL.3xRus.Eng.mkv | length=1297.152 | time=798.006
[Friday/June 07/06/2024 02:21:41] /Users/kudr.max/_Файлы/Фильмы/HIMYM.S06.720p.WEB-DL.3xRus.Eng/HIMYM.S06E13.720p.WEB-DL.3xRus.Eng.mkv | length=1297.152 | time=1272.731
[Friday/June 07/06/2024 02:59:53] /Users/kudr.max/_Файлы/Фильмы/HIMYM.S06.720p.WEB-DL.3xRus.Eng/HIMYM.S06E14.720p.WEB-DL.3xRus.Eng.mkv | length=1293.856 | time=1271.48
[Friday/June 07/06/2024 03:20:52] /Users/kudr.max/_Файлы/Фильмы/HIMYM.S06.720p.WEB-DL.3xRus.Eng/HIMYM.S06E15.720p.WEB-DL.3xRus.Eng.mkv | length=1289.184 | time=1263.18
[Saturday/June 08/06/2024 15:04:35] /Users/kudr.max/_Файлы/Фильмы/HIMYM.S06.720p.WEB-DL.3xRus.Eng/HIMYM.S06E15.720p.WEB-DL.3xRus.Eng.mkv | length=1289.184 | time=1271.396
[Saturday/June 08/06/2024 15:36:29] /Users/kudr.max/_Файлы/Фильмы/HIMYM.S06.720p.WEB-DL.3xRus.Eng/HIMYM.S06E16.720p.WEB-DL.3xRus.Eng.mkv | length=1559.234 | time=1271.271
[Saturday/June 08/06/2024 21:19:36] /Users/kudr.max/_Файлы/Фильмы/HIMYM.S06.720p.WEB-DL.3xRus.Eng/HIMYM.S06E17.720p.WEB-DL.3xRus.Eng.mkv | length=1508.709 | time=1272.439
[Saturday/June 08/06/2024 22:19:03] /Users/kudr.max/_Файлы/Фильмы/HIMYM.S06.720p.WEB-DL.3xRus.Eng/HIMYM.S06E18.720p.WEB-DL.3xRus.Eng.mkv | length=1271.105 | time=76.326
[Saturday/June 08/06/2024 22:19:06] /Users/kudr.max/_Файлы/Фильмы/HIMYM.S06.720p.WEB-DL.3xRus.Eng/HIMYM.S06E17.720p.WEB-DL.3xRus.Eng.mkv | length=1508.709 | time=1228.103
[Saturday/June 08/06/2024 22:19:18] /Users/kudr.max/_Файлы/Фильмы/HIMYM.S06.720p.WEB-DL.3xRus.Eng/HIMYM.S06E16.720p.WEB-DL.3xRus.Eng.mkv | length=1559.234 | time=738.363
[Saturday/June 08/06/2024 22:19:19] /Users/kudr.max/_Файлы/Фильмы/HIMYM.S06.720p.WEB-DL.3xRus.Eng/HIMYM.S06E17.720p.WEB-DL.3xRus.Eng.mkv | length=1508.709 | time=1.084
[Saturday/June 08/06/2024 22:40:47] /Users/kudr.max/_Файлы/Фильмы/HIMYM.S06.720p.WEB-DL.3xRus.Eng/HIMYM.S06E18.720p.WEB-DL.3xRus.Eng.mkv | length=1271.105 | time=1246.079
[Saturday/June 08/06/2024 23:01:57] /Users/kudr.max/_Файлы/Фильмы/HIMYM.S06.720p.WEB-DL.3xRus.Eng/HIMYM.S06E19.720p.WEB-DL.3xRus.Eng.mkv | length=1296.48 | time=1276.61
[Saturday/June 08/06/2024 23:44:48] /Users/kudr.max/_Файлы/Фильмы/HIMYM.S06.720p.WEB-DL.3xRus.Eng/HIMYM.S06E20.720p.WEB-DL.3xRus.Eng.mkv | length=1293.504 | time=1265.474
[Sunday/June 09/06/2024 00:09:58] /Users/kudr.max/_Файлы/Фильмы/HIMYM.S06.720p.WEB-DL.3xRus.Eng/HIMYM.S06E21.720p.WEB-DL.3xRus.Eng.mkv | length=1297.024 | time=1270.604
[Sunday/June 09/06/2024 00:31:00] /Users/kudr.max/_Файлы/Фильмы/HIMYM.S06.720p.WEB-DL.3xRus.Eng/HIMYM.S06E22.720p.WEB-DL.3xRus.Eng.mkv | length=1287.84 | time=1264.139
[Sunday/June 09/06/2024 00:50:12] /Users/kudr.max/_Файлы/Фильмы/HIMYM.S06.720p.WEB-DL.3xRus.Eng/HIMYM.S06E22.720p.WEB-DL.3xRus.Eng.mkv | length=1287.84 | time=1266.975
[Sunday/June 09/06/2024 01:10:55] /Users/kudr.max/_Файлы/Фильмы/HIMYM.S06.720p.WEB-DL.3xRus.Eng/HIMYM.S06E23.720p.WEB-DL.3xRus.Eng.mkv | length=1275.233 | time=1249.665
[Sunday/June 09/06/2024 01:10:56] /Users/kudr.max/_Файлы/Фильмы/HIMYM.S06.720p.WEB-DL.3xRus.Eng/HIMYM.S06E24.720p.WEB-DL.3xRus.Eng.mkv | length=1288 | time=1270.103
[Sunday/June 09/06/2024 01:10:57] /Users/kudr.max/_Файлы/Фильмы/HIMYM.S06.720p.WEB-DL.3xRus.Eng/HIMYM.S06E22.720p.WEB-DL.3xRus.Eng.mkv | length=1287.84 | time=0.542
[Sunday/June 09/06/2024 01:11:01] /Users/kudr.max/_Файлы/Фильмы/HIMYM.S06.720p.WEB-DL.3xRus.Eng/HIMYM.S06E23.720p.WEB-DL.3xRus.Eng.mkv | length=1275.233 | time=48.59
[Sunday/June 09/06/2024 01:32:03] /Users/kudr.max/_Файлы/Фильмы/HIMYM.S06.720p.WEB-DL.3xRus.Eng/HIMYM.S06E24.720p.WEB-DL.3xRus.Eng.mkv | length=1288 | time=1262.971
[Sunday/June 09/06/2024 02:26:45] /Users/kudr.max/_Файлы/Фильмы/HIMYM.S07.720p.WEB-DL.2xRus.Eng/HIMYM.S07E01.720p.WEB-DL.2xRus.Eng.mkv | length=1296.32 | time=1271.355
[Sunday/June 09/06/2024 02:31:09] /Users/kudr.max/_Файлы/Фильмы/HIMYM.S07.720p.WEB-DL.2xRus.Eng/HIMYM.S07E01.720p.WEB-DL.2xRus.Eng.mkv | length=1296.32 | time=1272.314
[Sunday/June 09/06/2024 02:50:41] /Users/kudr.max/_Файлы/Фильмы/HIMYM.S07.720p.WEB-DL.2xRus.Eng/HIMYM.S07E02.720p.WEB-DL.2xRus.Eng.mkv | length=1346.208 | time=1270.854
[Sunday/June 09/06/2024 03:57:00] /Users/kudr.max/_Файлы/Фильмы/HIMYM.S07.720p.WEB-DL.2xRus.Eng/HIMYM.S07E02.720p.WEB-DL.2xRus.Eng.mkv | length=1346.208 | time=1272.314
[Sunday/June 09/06/2024 04:18:30] /Users/kudr.max/_Файлы/Фильмы/HIMYM.S07.720p.WEB-DL.2xRus.Eng/HIMYM.S07E03.720p.WEB-DL.2xRus.Eng.mkv | length=1297.088 | time=1272.48
[Monday/June 10/06/2024 00:31:36] /Users/kudr.max/_Файлы/Фильмы/HIMYM.S07.720p.WEB-DL.2xRus.Eng/HIMYM.S07E03.720p.WEB-DL.2xRus.Eng.mkv | length=1297.088 | time=1274.607
[Monday/June 10/06/2024 00:53:32] /Users/kudr.max/_Файлы/Фильмы/HIMYM.S07.720p.WEB-DL.2xRus.Eng/HIMYM.S07E04.720p.WEB-DL.2xRus.Eng.mkv | length=1296.928 | time=1270.311
[Monday/June 10/06/2024 01:17:31] /Users/kudr.max/_Файлы/Фильмы/HIMYM.S07.720p.WEB-DL.2xRus.Eng/HIMYM.S07E05.720p.WEB-DL.2xRus.Eng.mkv | length=1287.456 | time=1263.512
[Monday/June 10/06/2024 02:05:46] /Users/kudr.max/_Файлы/Фильмы/HIMYM.S07.720p.WEB-DL.2xRus.Eng/HIMYM.S07E05.720p.WEB-DL.2xRus.Eng.mkv | length=1287.456 | time=1264.93
[Monday/June 10/06/2024 02:43:23] /Users/kudr.max/_Файлы/Фильмы/HIMYM.S07.720p.WEB-DL.2xRus.Eng/HIMYM.S07E06.720p.WEB-DL.2xRus.Eng.mkv | length=1296.096 | time=1270.478
[Monday/June 10/06/2024 02:55:39] /Users/kudr.max/_Файлы/Фильмы/HIMYM.S07.720p.WEB-DL.2xRus.Eng/HIMYM.S07E07.720p.WEB-DL.2xRus.Eng.mkv | length=1294.048 | time=735.318
[Monday/June 10/06/2024 20:03:08] /Users/kudr.max/_Файлы/Фильмы/HIMYM.S07.720p.WEB-DL.2xRus.Eng/HIMYM.S07E07.720p.WEB-DL.2xRus.Eng.mkv | length=1294.048 | time=1267.349
[Monday/June 10/06/2024 20:24:20] /Users/kudr.max/_Файлы/Фильмы/HIMYM.S07.720p.WEB-DL.2xRus.Eng/HIMYM.S07E08.720p.WEB-DL.2xRus.Eng.mkv | length=1297.056 | time=1271.896
[Monday/June 10/06/2024 20:45:22] /Users/kudr.max/_Файлы/Фильмы/HIMYM.S07.720p.WEB-DL.2xRus.Eng/HIMYM.S07E09.720p.WEB-DL.2xRus.Eng.mkv | length=1292.352 | time=1268.559
[Monday/June 10/06/2024 21:06:37] /Users/kudr.max/_Файлы/Фильмы/HIMYM.S07.720p.WEB-DL.2xRus.Eng/HIMYM.S07E10.720p.WEB-DL.2xRus.Eng.mkv | length=1297.12 | time=1274.231
[Wednesday/June 12/06/2024 14:20:27] /Users/kudr.max/_Файлы/Фильмы/HIMYM.S07.720p.WEB-DL.2xRus.Eng/HIMYM.S07E10.720p.WEB-DL.2xRus.Eng.mkv | length=1297.12 | time=1276.025
[Wednesday/June 12/06/2024 15:04:15] /Users/kudr.max/_Файлы/Фильмы/HIMYM.S07.720p.WEB-DL.2xRus.Eng/HIMYM.S07E11.720p.WEB-DL.2xRus.Eng.mkv | length=1297.216 | time=2.044
[Wednesday/June 12/06/2024 15:04:15] /Users/kudr.max/_Файлы/Фильмы/HIMYM.S07.720p.WEB-DL.2xRus.Eng/HIMYM.S07E11.720p.WEB-DL.2xRus.Eng.mkv | length=1297.216 | time=140.265
[Wednesday/June 12/06/2024 15:08:41] /Users/kudr.max/_Файлы/Фильмы/HIMYM.S07.720p.WEB-DL.2xRus.Eng/HIMYM.S07E10.720p.WEB-DL.2xRus.Eng.mkv | length=1297.12 | time=1272.021
[Wednesday/June 12/06/2024 15:32:02] /Users/kudr.max/_Файлы/Фильмы/HIMYM.S07.720p.WEB-DL.2xRus.Eng/HIMYM.S07E11.720p.WEB-DL.2xRus.Eng.mkv | length=1297.216 | time=1272.438
[Wednesday/June 12/06/2024 15:54:21] /Users/kudr.max/_Файлы/Фильмы/HIMYM.S07.720p.WEB-DL.2xRus.Eng/HIMYM.S07E12.720p.WEB-DL.2xRus.Eng.mkv | length=1296.672 | time=1271.645
[Wednesday/June 12/06/2024 16:32:57] /Users/kudr.max/_Файлы/Фильмы/HIMYM.S07.720p.WEB-DL.2xRus.Eng/HIMYM.S07E13.720p.WEB-DL.2xRus.Eng.mkv | length=1296.064 | time=1271.854
[Wednesday/June 12/06/2024 16:54:56] /Users/kudr.max/_Файлы/Фильмы/HIMYM.S07.720p.WEB-DL.2xRus.Eng/HIMYM.S07E14.720p.WEB-DL.2xRus.Eng.mkv | length=1287.52 | time=1261.093
[Wednesday/June 12/06/2024 17:46:01] /Users/kudr.max/_Файлы/Фильмы/HIMYM.S07.720p.WEB-DL.2xRus.Eng/HIMYM.S07E15.720p.WEB-DL.2xRus.Eng.mkv | length=1226.944 | time=1202.618
[Wednesday/June 12/06/2024 18:10:50] /Users/kudr.max/_Файлы/Фильмы/HIMYM.S07.720p.WEB-DL.2xRus.Eng/HIMYM.S07E16.720p.WEB-DL.2xRus.Eng.mkv | length=1297.12 | time=1270.604
[Wednesday/June 12/06/2024 18:33:26] /Users/kudr.max/_Файлы/Фильмы/HIMYM.S07.720p.WEB-DL.2xRus.Eng/HIMYM.S07E17.720p.WEB-DL.2xRus.Eng.mkv | length=1295.136 | time=1270.687
[Wednesday/June 12/06/2024 19:04:44] /Users/kudr.max/_Файлы/Фильмы/HIMYM.S07.720p.WEB-DL.2xRus.Eng/HIMYM.S07E18.720p.WEB-DL.2xRus.Eng.mkv | length=1296.032 | time=1277.736
[Wednesday/June 12/06/2024 19:34:02] /Users/kudr.max/_Файлы/Фильмы/HIMYM.S07.720p.WEB-DL.2xRus.Eng/HIMYM.S07E19.720p.WEB-DL.2xRus.Eng.mkv | length=1297.024 | time=1272.064
[Wednesday/June 12/06/2024 20:08:40] /Users/kudr.max/_Файлы/Фильмы/HIMYM.S07.720p.WEB-DL.2xRus.Eng/HIMYM.S07E20.720p.WEB-DL.2xRus.Eng.mkv | length=1288 | time=1262.137
[Wednesday/June 12/06/2024 20:30:26] /Users/kudr.max/_Файлы/Фильмы/HIMYM.S07.720p.WEB-DL.2xRus.Eng/HIMYM.S07E21.720p.WEB-DL.2xRus.Eng.mkv | length=1296.096 | time=1271.021
[Wednesday/June 12/06/2024 21:15:49] /Users/kudr.max/_Файлы/Фильмы/HIMYM.S07.720p.WEB-DL.2xRus.Eng/HIMYM.S07E22.720p.WEB-DL.2xRus.Eng.mkv | length=1297.28 | time=1275.317
[Wednesday/June 12/06/2024 21:37:09] /Users/kudr.max/_Файлы/Фильмы/HIMYM.S07.720p.WEB-DL.2xRus.Eng/HIMYM.S07E23.720p.WEB-DL.2xRus.Eng.mkv | length=1295.488 | time=1268.185
[Wednesday/June 12/06/2024 21:37:11] /Users/kudr.max/_Файлы/Фильмы/HIMYM.S07.720p.WEB-DL.2xRus.Eng/HIMYM.S07E24.720p.WEB-DL.2xRus.Eng.mkv | length=1295.424 | time=1273.273
[Wednesday/June 12/06/2024 21:37:16] /Users/kudr.max/_Файлы/Фильмы/HIMYM.S07.720p.WEB-DL.2xRus.Eng/HIMYM.S07E23.720p.WEB-DL.2xRus.Eng.mkv | length=1295.488 | time=100.392
[Wednesday/June 12/06/2024 21:58:59] /Users/kudr.max/_Файлы/Фильмы/HIMYM.S07.720p.WEB-DL.2xRus.Eng/HIMYM.S07E24.720p.WEB-DL.2xRus.Eng.mkv | length=1295.424 | time=1270.437
[Thursday/June 13/06/2024 00:00:41] /Users/kudr.max/_Файлы/Фильмы/HIMYM.S08.720p.WEB-DL.2xRus.Eng/HIMYM.S08E01.720p.WEB-DL.2xRus.Eng.mkv | length=1298.24 | time=1273.44
[Thursday/June 13/06/2024 00:27:11] /Users/kudr.max/_Файлы/Фильмы/HIMYM.S08.720p.WEB-DL.2xRus.Eng/HIMYM.S08E02.720p.WEB-DL.2xRus.Eng.mkv | length=1300.064 | time=1273.273
[Thursday/June 13/06/2024 00:51:30] /Users/kudr.max/_Файлы/Фильмы/HIMYM.S08.720p.WEB-DL.2xRus.Eng/HIMYM.S08E03.720p.WEB-DL.2xRus.Eng.mkv | length=1298.816 | time=1274.483
[Thursday/June 13/06/2024 01:03:49] /Users/kudr.max/_Файлы/Фильмы/HIMYM.S08.720p.WEB-DL.2xRus.Eng/HIMYM.S08E04.720p.WEB-DL.2xRus.Eng.mkv | length=1295.104 | time=738.739
[Thursday/June 13/06/2024 02:21:28] /Users/kudr.max/_Файлы/Фильмы/HIMYM.S08.720p.WEB-DL.2xRus.Eng/HIMYM.S08E04.720p.WEB-DL.2xRus.Eng.mkv | length=1295.104 | time=1269.728
[Thursday/June 13/06/2024 02:42:45] /Users/kudr.max/_Файлы/Фильмы/HIMYM.S08.720p.WEB-DL.2xRus.Eng/HIMYM.S08E05.720p.WEB-DL.2xRus.Eng.mkv | length=1300.32 | time=1274.024
[Thursday/June 13/06/2024 12:14:22] /Users/kudr.max/_Файлы/Фильмы/HIMYM.S08.720p.WEB-DL.2xRus.Eng/HIMYM.S08E05.720p.WEB-DL.2xRus.Eng.mkv | length=1300.32 | time=1282.616
[Thursday/June 13/06/2024 12:40:42] /Users/kudr.max/_Файлы/Фильмы/HIMYM.S08.720p.WEB-DL.2xRus.Eng/HIMYM.S08E06.720p.WEB-DL.2xRus.Eng.mkv | length=1300.608 | time=1273.815
[Thursday/June 13/06/2024 13:08:10] /Users/kudr.max/_Файлы/Фильмы/HIMYM.S08.720p.WEB-DL.2xRus.Eng/HIMYM.S08E07.720p.WEB-DL.2xRus.Eng.mkv | length=1298.048 | time=1273.524
[Thursday/June 13/06/2024 13:29:51] /Users/kudr.max/_Файлы/Фильмы/HIMYM.S08.720p.WEB-DL.2xRus.Eng/HIMYM.S08E08.720p.WEB-DL.2xRus.Eng.mkv | length=1296.448 | time=1270.27
[Thursday/June 13/06/2024 14:31:06] /Users/kudr.max/_Файлы/Фильмы/HIMYM.S08.720p.WEB-DL.2xRus.Eng/HIMYM.S08E08.720p.WEB-DL.2xRus.Eng.mkv | length=1296.448 | time=1273.524
[Thursday/June 13/06/2024 14:31:07] /Users/kudr.max/_Файлы/Фильмы/HIMYM.S08.720p.WEB-DL.2xRus.Eng/HIMYM.S08E07.720p.WEB-DL.2xRus.Eng.mkv | length=1298.048 | time=0.626
[Thursday/June 13/06/2024 21:49:54] /Users/kudr.max/_Файлы/Фильмы/HIMYM.S08.720p.WEB-DL.2xRus.Eng/HIMYM.S08E08.720p.WEB-DL.2xRus.Eng.mkv | length=1296.448 | time=10.427
[Thursday/June 13/06/2024 23:01:39] /Users/kudr.max/_Файлы/Фильмы/HIMYM.S08.720p.WEB-DL.2xRus.Eng/HIMYM.S08E09.720p.WEB-DL.2xRus.Eng.mkv | length=1300.192 | time=1273.106
[Thursday/June 13/06/2024 23:23:18] /Users/kudr.max/_Файлы/Фильмы/HIMYM.S08.720p.WEB-DL.2xRus.Eng/HIMYM.S08E10.720p.WEB-DL.2xRus.Eng.mkv | length=1299.425 | time=1277.069
[Friday/June 14/06/2024 01:00:23] /Users/kudr.max/_Файлы/Фильмы/HIMYM.S08.720p.WEB-DL.2xRus.Eng/HIMYM.S08E11.720p.WEB-DL.2xRus.Eng.mkv | length=1299.968 | time=1283.867
[Friday/June 14/06/2024 01:00:28] /Users/kudr.max/_Файлы/Фильмы/HIMYM.S08.720p.WEB-DL.2xRus.Eng/HIMYM.S08E11.720p.WEB-DL.2xRus.Eng.mkv | length=1299.968 | time=1284.409
[Friday/June 14/06/2024 01:24:59] /Users/kudr.max/_Файлы/Фильмы/HIMYM.S08.720p.WEB-DL.2xRus.Eng/HIMYM.S08E12.720p.WEB-DL.2xRus.Eng.mkv | length=1300.032 | time=1278.153
[Friday/June 14/06/2024 01:47:19] /Users/kudr.max/_Файлы/Фильмы/HIMYM.S08.720p.WEB-DL.2xRus.Eng/HIMYM.S08E13.720p.WEB-DL.2xRus.Eng.mkv | length=1224.736 | time=1202.578
[Friday/June 14/06/2024 01:47:25] /Users/kudr.max/_Файлы/Фильмы/HIMYM.S08.720p.WEB-DL.2xRus.Eng/HIMYM.S08E13.720p.WEB-DL.2xRus.Eng.mkv | length=1224.736 | time=1203.036
[Friday/June 14/06/2024 02:53:59] /Users/kudr.max/_Файлы/Фильмы/HIMYM.S08.720p.WEB-DL.2xRus.Eng/HIMYM.S08E14.720p.WEB-DL.2xRus.Eng.mkv | length=1299.776 | time=1273.232
[Friday/June 14/06/2024 03:10:46] /Users/kudr.max/_Файлы/Фильмы/HIMYM.S08.720p.WEB-DL.2xRus.Eng/HIMYM.S08E15.720p.WEB-DL.2xRus.Eng.mkv | length=1299.776 | time=964.464
[Friday/June 14/06/2024 21:54:38] /Users/kudr.max/_Файлы/Фильмы/HIMYM.S08.720p.WEB-DL.2xRus.Eng/HIMYM.S08E16.720p.WEB-DL.2xRus.Eng.mkv | length=1299.968 | time=1273.524
[Friday/June 14/06/2024 22:16:34] /Users/kudr.max/_Файлы/Фильмы/HIMYM.S08.720p.WEB-DL.2xRus.Eng/HIMYM.S08E17.720p.WEB-DL.2xRus.Eng.mkv | length=1300.48 | time=1273.398
[Friday/June 14/06/2024 23:41:17] /Users/kudr.max/_Файлы/Фильмы/HIMYM.S08.720p.WEB-DL.2xRus.Eng/HIMYM.S08E18.720p.WEB-DL.2xRus.Eng.mkv | length=1295.232 | time=1270.646
[Friday/June 14/06/2024 23:43:55] /Users/kudr.max/_Файлы/Фильмы/HIMYM.S08.720p.WEB-DL.2xRus.Eng/HIMYM.S08E19.720p.WEB-DL.2xRus.Eng.mkv | length=1300.192 | time=2.377
[Friday/June 14/06/2024 23:44:01] /Users/kudr.max/_Файлы/Фильмы/HIMYM.S08.720p.WEB-DL.2xRus.Eng/HIMYM.S08E18.720p.WEB-DL.2xRus.Eng.mkv | length=1295.232 | time=1261.97
[Saturday/June 15/06/2024 01:49:42] /Users/kudr.max/_Файлы/Фильмы/HIMYM.S08.720p.WEB-DL.2xRus.Eng/HIMYM.S08E19.720p.WEB-DL.2xRus.Eng.mkv | length=1300.192 | time=1274.274
[Saturday/June 15/06/2024 02:11:05] /Users/kudr.max/_Файлы/Фильмы/HIMYM.S08.720p.WEB-DL.2xRus.Eng/HIMYM.S08E20.720p.WEB-DL.2xRus.Eng.mkv | length=1295.232 | time=1270.062
[Saturday/June 15/06/2024 02:40:46] /Users/kudr.max/_Файлы/Фильмы/HIMYM.S08.720p.WEB-DL.2xRus.Eng/HIMYM.S08E21.720p.WEB-DL.2xRus.Eng.mkv | length=1256.32 | time=1233.525
[Saturday/June 15/06/2024 15:17:41] /Users/kudr.max/_Файлы/Фильмы/HIMYM.S08.720p.WEB-DL.2xRus.Eng/HIMYM.S08E21.720p.WEB-DL.2xRus.Eng.mkv | length=1256.32 | time=1235.736
[Saturday/June 15/06/2024 15:31:33] /Users/kudr.max/_Файлы/Фильмы/HIMYM.S08.720p.WEB-DL.2xRus.Eng/HIMYM.S08E22.720p.WEB-DL.2xRus.Eng.mkv | length=1298.976 | time=803.94088966667
[Saturday/June 15/06/2024 15:32:12] /Users/kudr.max/_Файлы/Фильмы/HIMYM.S08.720p.WEB-DL.2xRus.Eng/HIMYM.S08E19.720p.WEB-DL.2xRus.Eng.mkv | length=1300.192 | time=22.814
[Saturday/June 15/06/2024 15:32:15] /Users/kudr.max/_Файлы/Фильмы/HIMYM.S08.720p.WEB-DL.2xRus.Eng/HIMYM.S08E20.720p.WEB-DL.2xRus.Eng.mkv | length=1295.232 | time=36.495
[Saturday/June 15/06/2024 15:32:17] /Users/kudr.max/_Файлы/Фильмы/HIMYM.S08.720p.WEB-DL.2xRus.Eng/HIMYM.S08E21.720p.WEB-DL.2xRus.Eng.mkv | length=1256.32 | time=56.139
[Saturday/June 15/06/2024 15:32:20] /Users/kudr.max/_Файлы/Фильмы/HIMYM.S08.720p.WEB-DL.2xRus.Eng/HIMYM.S08E22.720p.WEB-DL.2xRus.Eng.mkv | length=1298.976 | time=822.048
[Saturday/June 15/06/2024 15:45:49] /Users/kudr.max/_Файлы/Фильмы/HIMYM.S08.720p.WEB-DL.2xRus.Eng/HIMYM.S08E22.720p.WEB-DL.2xRus.Eng.mkv | length=1298.976 | time=1273.899
[Saturday/June 15/06/2024 16:12:04] /Users/kudr.max/_Файлы/Фильмы/HIMYM.S08.720p.WEB-DL.2xRus.Eng/HIMYM.S08E23.720p.WEB-DL.2xRus.Eng.mkv | length=1299.104 | time=1273.857
[Saturday/June 15/06/2024 16:52:05] /Users/kudr.max/_Файлы/Фильмы/HIMYM.S08.720p.WEB-DL.2xRus.Eng/HIMYM.S08E24.720p.WEB-DL.2xRus.Eng.mkv | length=1299.072 | time=1273.732
[Saturday/June 15/06/2024 18:38:11] /Users/kudr.max/_Файлы/Фильмы/HIMYM.S09.720p.WEB-DL.2xRus.Eng/HIMYM.S09E01.720p.WEB-DL.2xRus.Eng.mkv | length=1296.192 | time=918.001
[Sunday/June 16/06/2024 00:20:51] /Users/kudr.max/_Файлы/Фильмы/HIMYM.S09.720p.WEB-DL.2xRus.Eng/HIMYM.S09E01.720p.WEB-DL.2xRus.Eng.mkv | length=1296.192 | time=1269.394
[Sunday/June 16/06/2024 00:41:14] /Users/kudr.max/_Файлы/Фильмы/HIMYM.S09.720p.WEB-DL.2xRus.Eng/HIMYM.S09E02.720p.WEB-DL.2xRus.Eng.mkv | length=1255.424 | time=1229.771
[Sunday/June 16/06/2024 00:50:20] /Users/kudr.max/_Файлы/Фильмы/The Boys (Season 1) AlexFilm 5.1 BDRip/The.Boys.S01E01.BDRip.AlexFilm.RGzsRutracker.[Wentworth_Miller].avi | length=3598.052792 | time=11.26125
[Sunday/June 16/06/2024 00:50:20] /Users/kudr.max/_Файлы/Фильмы/HIMYM.S09.720p.WEB-DL.2xRus.Eng/HIMYM.S09E03.720p.WEB-DL.2xRus.Eng.mkv | length=1296.096 | time=144.603
[Sunday/June 16/06/2024 01:44:26] /Users/kudr.max/_Файлы/Фильмы/The Boys (Season 1) AlexFilm 5.1 BDRip/The.Boys.S01E01.BDRip.AlexFilm.RGzsRutracker.[Wentworth_Miller].avi | length=3598.052792 | time=2086.9181666667
[Sunday/June 16/06/2024 02:03:24] /Users/kudr.max/_Файлы/Фильмы/HIMYM.S09.720p.WEB-DL.2xRus.Eng/HIMYM.S09E03.720p.WEB-DL.2xRus.Eng.mkv | length=1296.096 | time=1270.646
[Sunday/June 16/06/2024 02:04:54] /Users/kudr.max/_Файлы/Фильмы/HIMYM.S09.720p.WEB-DL.2xRus.Eng/HIMYM.S09E04.720p.WEB-DL.2xRus.Eng.mkv | length=1297.312 | time=89.631
[Sunday/June 16/06/2024 23:02:41] /Users/kudr.max/_Файлы/Фильмы/HIMYM.S09.720p.WEB-DL.2xRus.Eng/HIMYM.S09E04.720p.WEB-DL.2xRus.Eng.mkv | length=1297.312 | time=84.209
[Sunday/June 16/06/2024 23:23:59] /Users/kudr.max/_Файлы/Фильмы/HIMYM.S09.720p.WEB-DL.2xRus.Eng/HIMYM.S09E04.720p.WEB-DL.2xRus.Eng.mkv | length=1297.312 | time=1274.483
[Sunday/June 16/06/2024 23:46:23] /Users/kudr.max/_Файлы/Фильмы/HIMYM.S09.720p.WEB-DL.2xRus.Eng/HIMYM.S09E05.720p.WEB-DL.2xRus.Eng.mkv | length=1297.152 | time=1272.814
[Monday/June 17/06/2024 01:04:09] /Users/kudr.max/_Файлы/Фильмы/HIMYM.S09.720p.WEB-DL.2xRus.Eng/HIMYM.S09E06.720p.WEB-DL.2xRus.Eng.mkv | length=1292.48 | time=454.496
[Tuesday/June 18/06/2024 00:52:14] /Users/kudr.max/_Файлы/Фильмы/HIMYM.S09.720p.WEB-DL.2xRus.Eng/HIMYM.S09E06.720p.WEB-DL.2xRus.Eng.mkv | length=1292.48 | time=1269.102
[Tuesday/June 18/06/2024 01:14:11] /Users/kudr.max/_Файлы/Фильмы/HIMYM.S09.720p.WEB-DL.2xRus.Eng/HIMYM.S09E07.720p.WEB-DL.2xRus.Eng.mkv | length=1296.928 | time=2.419
[Tuesday/June 18/06/2024 01:39:14] /Users/kudr.max/_Файлы/Фильмы/HIMYM.S09.720p.WEB-DL.2xRus.Eng/HIMYM.S09E07.720p.WEB-DL.2xRus.Eng.mkv | length=1296.928 | time=1270.187
[Wednesday/June 19/06/2024 00:24:05] /Users/kudr.max/_Файлы/Фильмы/HIMYM.S09.720p.WEB-DL.2xRus.Eng/HIMYM.S09E08.720p.WEB-DL.2xRus.Eng.mkv | length=1296.064 | time=1271.563
[Wednesday/June 19/06/2024 01:37:50] /Users/kudr.max/_Файлы/Фильмы/HIMYM.S09.720p.WEB-DL.2xRus.Eng/HIMYM.S09E10.720p.WEB-DL.2xRus.Eng.mkv | length=1297.056 | time=1272.814
[Wednesday/June 19/06/2024 01:37:50] /Users/kudr.max/_Файлы/Фильмы/HIMYM.S09.720p.WEB-DL.2xRus.Eng/HIMYM.S09E09.720p.WEB-DL.2xRus.Eng.mkv | length=1295.136 | time=1268.06
[Wednesday/June 19/06/2024 13:05:19] /Users/kudr.max/_Файлы/Фильмы/HIMYM.S09.720p.WEB-DL.2xRus.Eng/HIMYM.S09E09.720p.WEB-DL.2xRus.Eng.mkv | length=1295.136 | time=1269.811
[Wednesday/June 19/06/2024 13:05:23] /Users/kudr.max/_Файлы/Фильмы/HIMYM.S09.720p.WEB-DL.2xRus.Eng/HIMYM.S09E10.720p.WEB-DL.2xRus.Eng.mkv | length=1297.056 | time=1245.913
[Wednesday/June 19/06/2024 13:23:30] /Users/kudr.max/_Файлы/Фильмы/HIMYM.S09.720p.WEB-DL.2xRus.Eng/HIMYM.S09E11.720p.WEB-DL.2xRus.Eng.mkv | length=1284.512 | time=1045.921
[Thursday/June 20/06/2024 02:06:05] /Users/kudr.max/_Файлы/Фильмы/HIMYM.S09.720p.WEB-DL.2xRus.Eng/HIMYM.S09E11.720p.WEB-DL.2xRus.Eng.mkv | length=1284.512 | time=1266.058
[Thursday/June 20/06/2024 02:35:48] /Users/kudr.max/_Файлы/Фильмы/HIMYM.S09.720p.WEB-DL.2xRus.Eng/HIMYM.S09E12.720p.WEB-DL.2xRus.Eng.mkv | length=1230.176 | time=1206.206
[Friday/June 21/06/2024 00:08:21] /Users/kudr.max/_Файлы/Фильмы/HIMYM.S09.720p.WEB-DL.2xRus.Eng/HIMYM.S09E13.720p.WEB-DL.2xRus.Eng.mkv | length=1288 | time=6.048
[Friday/June 21/06/2024 00:27:55] /Users/kudr.max/_Файлы/Фильмы/HIMYM.S09.720p.WEB-DL.2xRus.Eng/HIMYM.S09E14.720p.WEB-DL.2xRus.Eng.mkv | length=1297.056 | time=797.422
[Friday/June 21/06/2024 10:13:45] /Users/kudr.max/_Файлы/Фильмы/HIMYM.S09.720p.WEB-DL.2xRus.Eng/HIMYM.S09E14.720p.WEB-DL.2xRus.Eng.mkv | length=1297.056 | time=868.452
[Friday/June 21/06/2024 12:33:56] /Users/kudr.max/_Файлы/Фильмы/HIMYM.S09.720p.WEB-DL.2xRus.Eng/HIMYM.S09E14.720p.WEB-DL.2xRus.Eng.mkv | length=1297.056 | time=1273.065
[Friday/June 21/06/2024 12:56:26] /Users/kudr.max/_Файлы/Фильмы/HIMYM.S09.720p.WEB-DL.2xRus.Eng/HIMYM.S09E15.720p.WEB-DL.2xRus.Eng.mkv | length=1296.32 | time=1271.897
[Saturday/June 22/06/2024 16:18:23] /Users/kudr.max/_Файлы/Фильмы/HIMYM.S09.720p.WEB-DL.2xRus.Eng/HIMYM.S09E16.720p.WEB-DL.2xRus.Eng.mkv | length=1357.024 | time=1330.33
[Saturday/June 22/06/2024 16:43:20] /Users/kudr.max/_Файлы/Фильмы/HIMYM.S09.720p.WEB-DL.2xRus.Eng/HIMYM.S09E17.720p.WEB-DL.2xRus.Eng.mkv | length=1297.024 | time=1272.314
[Monday/August 26/08/2024 10:11:45] /Users/maxos/Downloads/Workshop по FastAPI_ авторизация, работа с файлами, фоновые задачи.mp4 | length=5785.135600907 | time=5785.1635600642
[Monday/August 26/08/2024 16:48:48] /Users/maxos/Downloads/УРОКИ FASTAPI НА БОЕВОМ СЕРВИСЕ 4. БОЛЬШЕ ТЕСТОВ, LINTERS, PRE-COMMI.mp4 | length=3424.6414512472 | time=3424.6792563941
[Monday/August 26/08/2024 16:49:00] /Users/maxos/Downloads/УРОКИ FASTAPI НА БОЕВОМ СЕРВИСЕ 4. БОЛЬШЕ ТЕСТОВ, LINTERS, PRE-COMMI.mp4 | length=3424.6414512472 | time=493.52483295447
[Monday/August 26/08/2024 18:06:07] /Users/maxos/Downloads/Workshop по FastAPI_ авторизация, работа с файлами, фоновые задачи.mp4 | length=5785.135600907 | time=261.6
[Sunday/September 01/09/2024 19:19:08] /Users/maxos/Files/Фильмы/Shiki(Shinsengumi)/Shiki - 01 [Shinsengumi].mkv | length=1383.88 | time=213.56
[Thursday/September 26/09/2024 15:02:52] /Users/maxos/Downloads/Video in Igor Therapy 4.0.mp4 | length=20.512244897959 | time=17.0119
