[Monday/July 24/07/2023 01:04:37] /Users/kudr.max/_Файлы/Фильмы/Босс-молокосос-2-2021.Localiz.WEB-DL.1080p.mkv | length=6435.797 | time=550.676
[Monday/July 24/07/2023 10:50:50] /Users/kudr.max/_Файлы/Фильмы/Despicable.Me.2010.Blu-ray.1080p.x264.Rus.Ukr.Eng.mkv | length=5688.832 | time=1484.608
[Monday/July 24/07/2023 12:42:48] /Users/kudr.max/_Файлы/Фильмы/Wayward.Pines.S01.WEB-DL.1080p.A.L.N.B.F/Wayward.Pines.S01E02.1080p.WEB-DL.5xRus.Eng.DD5.1.mkv | length=2715.552 | time=1.126
[Monday/July 24/07/2023 12:43:52] /Users/kudr.max/_Файлы/Фильмы/Wayward.Pines.S01.WEB-DL.1080p.A.L.N.B.F/Wayward.Pines.S01E03.1080p.WEB-DL.5xRus.Eng.DD5.1.mkv | length=2606.08 | time=1.335
[Monday/July 24/07/2023 12:43:56] /Users/kudr.max/_Файлы/Фильмы/Wayward.Pines.S01.WEB-DL.1080p.A.L.N.B.F/Wayward.Pines.S01E02.1080p.WEB-DL.5xRus.Eng.DD5.1.mkv | length=2715.552 | time=30.572
[Monday/July 24/07/2023 13:06:44] /Users/kudr.max/_Файлы/Studying/Саморазвитие/[Виктор Горбатов] [Level One] Как убеждать людей и побеждать в спорах (2022)/[SW.BAND] Видео/урок 3.mp4 | length=7284.352 | time=3259.2
[Monday/July 24/07/2023 13:38:10] /Users/kudr.max/_Файлы/Фильмы/Wayward.Pines.S01.WEB-DL.1080p.A.L.N.B.F/Wayward.Pines.S01E01.1080p.WEB-DL.5xRus.Eng.DD5.1.mkv | length=2713.056 | time=1097.929
[Monday/July 24/07/2023 13:44:27] /Users/kudr.max/_Файлы/Фильмы/Wayward.Pines.S01.WEB-DL.1080p.A.L.N.B.F/Wayward.Pines.S01E01.1080p.WEB-DL.5xRus.Eng.DD5.1.mkv | length=2713.056 | time=1089.337
[Monday/July 24/07/2023 13:45:33] /Users/kudr.max/_Файлы/Фильмы/Despicable.Me.2010.Blu-ray.1080p.x264.Rus.Ukr.Eng.mkv | length=5688.832 | time=1314.48
[Monday/July 24/07/2023 13:45:56] /Users/kudr.max/_Файлы/Фильмы/Despicable.Me.2010.Blu-ray.1080p.x264.Rus.Ukr.Eng.mkv | length=5688.832 | time=1315.064
[Monday/July 24/07/2023 14:12:37] /Users/kudr.max/_Файлы/Фильмы/Wayward.Pines.S01.WEB-DL.1080p.A.L.N.B.F/Wayward.Pines.S01E01.1080p.WEB-DL.5xRus.Eng.DD5.1.mkv | length=2713.056 | time=2620.199
[Monday/July 24/07/2023 14:56:50] /Users/kudr.max/_Файлы/Фильмы/Wayward.Pines.S01.WEB-DL.1080p.A.L.N.B.F/Wayward.Pines.S01E02.1080p.WEB-DL.5xRus.Eng.DD5.1.mkv | length=2715.552 | time=2599.97
[Monday/July 24/07/2023 19:06:27] /Users/kudr.max/_Файлы/Фильмы/Wayward.Pines.S01.WEB-DL.1080p.A.L.N.B.F/Wayward.Pines.S01E03.1080p.WEB-DL.5xRus.Eng.DD5.1.mkv | length=2606.08 | time=2510.881
[Monday/July 24/07/2023 19:50:50] /Users/kudr.max/_Файлы/Фильмы/Wayward.Pines.S01.WEB-DL.1080p.A.L.N.B.F/Wayward.Pines.S01E04.1080p.WEB-DL.5xRus.Eng.DD5.1.mkv | length=2716.608 | time=2622.289
[Monday/July 24/07/2023 21:21:26] /Users/kudr.max/_Файлы/Фильмы/Wayward.Pines.S01.WEB-DL.1080p.A.L.N.B.F/Wayward.Pines.S01E05.1080p.WEB-DL.5xRus.Eng.DD5.1.mkv | length=2641.408 | time=2641.4080000004
[Monday/July 24/07/2023 23:11:35] /Users/kudr.max/_Файлы/Фильмы/Wayward.Pines.S01.WEB-DL.1080p.A.L.N.B.F/Wayward.Pines.S01E06.1080p.WEB-DL.5xRus.Eng.DD5.1.mkv | length=2714.848 | time=2581.078
[Monday/July 24/07/2023 23:55:13] /Users/kudr.max/_Файлы/Фильмы/Wayward.Pines.S01.WEB-DL.1080p.A.L.N.B.F/Wayward.Pines.S01E07.1080p.WEB-DL.5xRus.Eng.DD5.1.mkv | length=2649.021 | time=2614.654
[Tuesday/July 25/07/2023 00:43:02] /Users/kudr.max/_Файлы/Фильмы/Wayward.Pines.S01.WEB-DL.1080p.A.L.N.B.F/Wayward.Pines.S01E08.1080p.WEB-DL.5xRus.Eng.DD5.1.mkv | length=2522.368 | time=2487.863
[Tuesday/July 25/07/2023 01:26:30] /Users/kudr.max/_Файлы/Фильмы/Wayward.Pines.S01.WEB-DL.1080p.A.L.N.B.F/Wayward.Pines.S01E09.1080p.WEB-DL.5xRus.Eng.DD5.1.mkv | length=2593.888 | time=2557.599
[Tuesday/July 25/07/2023 02:08:47] /Users/kudr.max/_Файлы/Фильмы/Wayward.Pines.S01.WEB-DL.1080p.A.L.N.B.F/Wayward.Pines.S01E10.1080p.WEB-DL.5xRus.Eng.DD5.1.mkv | length=2639.264 | time=2604.354
[Tuesday/July 25/07/2023 02:08:53] /Users/kudr.max/_Файлы/Фильмы/Wayward.Pines.S01.WEB-DL.1080p.A.L.N.B.F/Wayward.Pines.S01E10.1080p.WEB-DL.5xRus.Eng.DD5.1.mkv | length=2639.264 | time=2605.689
[Wednesday/July 26/07/2023 20:59:25] /Users/kudr.max/Library/Group Containers/6N38VWS5BX.ru.keepcoder.Telegram/stable/account-1181852236255079250/postbox/media/telegram-cloud-document-2-5271818171085495824.mp4 | length=1288.8 | time=1288.7893333344
[Wednesday/July 26/07/2023 20:59:26] /Users/kudr.max/Library/Group Containers/6N38VWS5BX.ru.keepcoder.Telegram/stable/account-1181852236255079250/postbox/media/telegram-cloud-document-2-5271818171085495827.mp4 | length=1265.792 | time=1265.792
[Wednesday/July 26/07/2023 20:59:28] /Users/kudr.max/Library/Group Containers/6N38VWS5BX.ru.keepcoder.Telegram/stable/account-1181852236255079250/postbox/media/telegram-cloud-document-2-5271818171085495829.mp4 | length=1216.832 | time=1.32
[Thursday/July 27/07/2023 22:33:29] /Users/kudr.max/_Файлы/Фильмы/Босс-молокосос-2-2021.Localiz.WEB-DL.1080p.mkv | length=6435.797 | time=673.799
[Monday/July 31/07/2023 23:01:34] /Volumes/MAX'S USB/Monsters.Inc.WEB-DL.KP.1080p-SOFCJ.mkv | length=5328 | time=1710.24
[Tuesday/August 01/08/2023 19:54:00] /Users/kudr.max/_Файлы/Фильмы/The Flash (2023).AMZN.WEB-DL.1080p.mkv | length=8643.424 | time=8638.296
[Tuesday/August 01/08/2023 22:26:51] /Users/kudr.max/Downloads/Гравити_Фолз_Полное_дублирование_Кириллица_Провайдер_2s1s5q480.mp4 | length=1181.76 | time=1180.68
[Saturday/August 05/08/2023 22:51:08] /Users/kudr.max/Downloads/Гравити_Фолз_Полное_дублирование_Кириллица_Провайдер_2s1s6q480.mp4 | length=1303.2 | time=1303.1893333341
[Saturday/August 05/08/2023 22:51:11] /Users/kudr.max/Downloads/IMG_4852.MOV | length=14.531667 | time=1.9
[Tuesday/August 15/08/2023 22:05:43] /Users/kudr.max/Downloads/Гравити_Фолз_Полное_дублирование_Кириллица_Провайдер_2s2s2q480.mp4 | length=1272.32 | time=1272.320000001
[Tuesday/August 22/08/2023 11:53:16] /Users/kudr.max/Downloads/IMG_1158.MP4 | length=86.1 | time=86.074920634917
[Tuesday/August 22/08/2023 11:53:18] /Users/kudr.max/Downloads/IMG_4852.MOV | length=14.531667 | time=2.9666666666667
[Wednesday/August 23/08/2023 13:49:12] /Users/kudr.max/Downloads/Гравити_Фолз_Полное_дублирование_Кириллица_Провайдер_2s2s11q480.mp4 | length=1272.342 | time=0
